<?xml version="1.0" encoding="UTF-8"?>
<testng-results skipped="0" failed="0" ignored="0" total="0" passed="0">
  <reporter-output>
  </reporter-output>
  <suite name="SeleniumTest" duration-ms="11" started-at="2020-12-03T02:15:10 GMT+04:00" finished-at="2020-12-03T02:15:10 GMT+04:00">
    <groups>
    </groups>
    <test name="Command line test" duration-ms="11" started-at="2020-12-03T02:15:10 GMT+04:00" finished-at="2020-12-03T02:15:10 GMT+04:00">
    </test> <!-- Command line test -->
  </suite> <!-- SeleniumTest -->
</testng-results>
